<?xml version="1.0" encoding="UTF-8" ?>
<testsuite tests="10" failures="0" name="bddgof.RunCucumberTest" time="0.692" errors="0" skipped="0">
  <properties>
[...]
</properties>
  <testcase classname="Venda de produtos para Loja" name="Cliente efetua o pagamento" time="0.549"/>
  <testcase classname="Venda de produtos para Loja" name="Cliente efetua o pagamento" time="0.02"/>
  <testcase classname="Venda de produtos para Loja" name="Cliente efetua o pagamento" time="0.015"/>
  <testcase classname="Venda de produtos para Loja" name="Cliente efetua o pagamento" time="0.02"/>
  <testcase classname="Venda de produtos para Loja" name="Cliente efetua o pagamento" time="0.019"/>
  <testcase classname="Venda de produtos para Loja" name="Cliente efetua o pagamento" time="0.02"/>
  <testcase classname="Venda de produtos para Loja" name="Cliente efetua o pagamento" time="0.016"/>
  <testcase classname="Venda de produtos para Loja" name="Cliente efetua o pagamento" time="0.011"/>
  <testcase classname="Venda de produtos para Loja" name="Cliente efetua o pagamento" time="0.01"/>
  <testcase classname="Venda de produtos para Loja" name="Cliente efetua o pagamento" time="0.012"/>
</testsuite>